<html>
<head>
<title>TestNG:  Addition</title>
<link href="../testng.css" rel="stylesheet" type="text/css" />
<link href="../my-testng.css" rel="stylesheet" type="text/css" />

<style type="text/css">
.log { display: none;} 
.stack-trace { display: none;} 
</style>
<script type="text/javascript">
<!--
function flip(e) {
  current = e.style.display;
  if (current == 'block') {
    e.style.display = 'none';
    return 0;
  }
  else {
    e.style.display = 'block';
    return 1;
  }
}

function toggleBox(szDivId, elem, msg1, msg2)
{
  var res = -1;  if (document.getElementById) {
    res = flip(document.getElementById(szDivId));
  }
  else if (document.all) {
    // this is the way old msie versions work
    res = flip(document.all[szDivId]);
  }
  if(elem) {
    if(res == 0) elem.innerHTML = msg1; else elem.innerHTML = msg2;
  }

}

function toggleAllBoxes() {
  if (document.getElementsByTagName) {
    d = document.getElementsByTagName('div');
    for (i = 0; i < d.length; i++) {
      if (d[i].className == 'log') {
        flip(d[i]);
      }
    }
  }
}

// -->
</script>

</head>
<body>
<h2 align='center'>Addition</h2><table border='1' align="center">
<tr>
<td>Tests passed/Failed/Skipped:</td><td>30/5/0</td>
</tr><tr>
<td>Started on:</td><td>Sun Jan 10 08:37:11 IST 2021</td>
</tr>
<tr><td>Total time:</td><td>2 seconds (2033 ms)</td>
</tr><tr>
<td>Included groups:</td><td></td>
</tr><tr>
<td>Excluded groups:</td><td></td>
</tr>
</table><p/>
<small><i>(Hover the method name to see the test class name)</i></small><p/>
<table width='100%' border='1' class='invocation-failed'>
<tr><td colspan='4' align='center'><b>FAILED TESTS</b></td></tr>
<tr><td><b>Test method</b></td>
<td width="30%"><b>Exception</b></td>
<td width="10%"><b>Time (seconds)</b></td>
<td><b>Instance</b></td>
</tr>
<tr>
<td title='SquareRootTest.testCase()'><b>testCase</b><br>Test class: SquareRootTest<br>Parameters: 0.0, 0.0</td>
<td><div><pre>org.testng.internal.thread.ThreadTimeoutException: Method org.testng.internal.TestNGMethod.testCase() didn&apos;t finish within the time-out 1000
	at app//Calculator.squareRoot(Calculator.java:33)
	at app//SquareRootTest.testCase(SquareRootTest.java:8)
	at java.base@15.0.1/java.util.concurrent.Executors$RunnableAdapter.call(Executors.java:515)
	at java.base@15.0.1/java.util.concurrent.FutureTask.run(FutureTask.java:264)
	at java.base@15.0.1/java.util.concurrent.ThreadPoolExecutor.runWorker(ThreadPoolExecutor.java:1130)
	at java.base@15.0.1/java.util.concurrent.ThreadPoolExecutor$Worker.run(ThreadPoolExecutor.java:630)
	at java.base@15.0.1/java.lang.Thread.run(Thread.java:832)
... Removed 7 stack frames</pre></div><a href='#' onClick='toggleBox("stack-trace2087785333", this, "Click to show all stack frames", "Click to hide stack frames")'>Click to show all stack frames</a>
<div class='stack-trace' id='stack-trace2087785333'><pre>org.testng.internal.thread.ThreadTimeoutException: Method org.testng.internal.TestNGMethod.testCase() didn't finish within the time-out 1000
	at app//Calculator.squareRoot(Calculator.java:33)
	at app//SquareRootTest.testCase(SquareRootTest.java:8)
	at java.base@15.0.1/jdk.internal.reflect.NativeMethodAccessorImpl.invoke0(Native Method)
	at java.base@15.0.1/jdk.internal.reflect.NativeMethodAccessorImpl.invoke(NativeMethodAccessorImpl.java:64)
	at java.base@15.0.1/jdk.internal.reflect.DelegatingMethodAccessorImpl.invoke(DelegatingMethodAccessorImpl.java:43)
	at java.base@15.0.1/java.lang.reflect.Method.invoke(Method.java:564)
	at app//org.testng.internal.MethodInvocationHelper.invokeMethod(MethodInvocationHelper.java:80)
	at app//org.testng.internal.InvokeMethodRunnable.runOne(InvokeMethodRunnable.java:46)
	at app//org.testng.internal.InvokeMethodRunnable.run(InvokeMethodRunnable.java:37)
	at java.base@15.0.1/java.util.concurrent.Executors$RunnableAdapter.call(Executors.java:515)
	at java.base@15.0.1/java.util.concurrent.FutureTask.run(FutureTask.java:264)
	at java.base@15.0.1/java.util.concurrent.ThreadPoolExecutor.runWorker(ThreadPoolExecutor.java:1130)
	at java.base@15.0.1/java.util.concurrent.ThreadPoolExecutor$Worker.run(ThreadPoolExecutor.java:630)
	at java.base@15.0.1/java.lang.Thread.run(Thread.java:832)
</pre></div></td>
<td>1</td>
<td>SquareRootTest@3972a855</td></tr>
<tr>
<td title='PrimeTest.testCase()'><b>testCase</b><br>Test class: PrimeTest<br>Parameters: 1, false</td>
<td><div><pre>java.lang.AssertionError: expected:&lt;false&gt; but was:&lt;true&gt;
	at PrimeTest.testCase(PrimeTest.java:8)
	at org.apache.maven.surefire.testng.TestNGExecutor.run(TestNGExecutor.java:178)
	at org.apache.maven.surefire.testng.TestNGXmlTestSuite.execute(TestNGXmlTestSuite.java:92)
	at org.apache.maven.surefire.testng.TestNGProvider.invoke(TestNGProvider.java:96)
	at org.apache.maven.surefire.util.ReflectionUtils.invokeMethodWithArray2(ReflectionUtils.java:208)
	at org.apache.maven.surefire.booter.ProviderFactory$ProviderProxy.invoke(ProviderFactory.java:159)
	at org.apache.maven.surefire.booter.ProviderFactory.invokeProvider(ProviderFactory.java:87)
	at org.apache.maven.surefire.booter.ForkedBooter.runSuitesInProcess(ForkedBooter.java:153)
	at org.apache.maven.surefire.booter.ForkedBooter.main(ForkedBooter.java:95)
... Removed 30 stack frames</pre></div><a href='#' onClick='toggleBox("stack-trace1014982340", this, "Click to show all stack frames", "Click to hide stack frames")'>Click to show all stack frames</a>
<div class='stack-trace' id='stack-trace1014982340'><pre>java.lang.AssertionError: expected:&lt;false&gt; but was:&lt;true&gt;
	at org.testng.Assert.fail(Assert.java:89)
	at org.testng.Assert.failNotEquals(Assert.java:489)
	at org.testng.Assert.assertEquals(Assert.java:118)
	at org.testng.Assert.assertEquals(Assert.java:281)
	at org.testng.Assert.assertEquals(Assert.java:291)
	at PrimeTest.testCase(PrimeTest.java:8)
	at java.base/jdk.internal.reflect.NativeMethodAccessorImpl.invoke0(Native Method)
	at java.base/jdk.internal.reflect.NativeMethodAccessorImpl.invoke(NativeMethodAccessorImpl.java:64)
	at java.base/jdk.internal.reflect.DelegatingMethodAccessorImpl.invoke(DelegatingMethodAccessorImpl.java:43)
	at java.base/java.lang.reflect.Method.invoke(Method.java:564)
	at org.testng.internal.MethodInvocationHelper.invokeMethod(MethodInvocationHelper.java:80)
	at org.testng.internal.Invoker.invokeMethod(Invoker.java:691)
	at org.testng.internal.Invoker.invokeTestMethod(Invoker.java:883)
	at org.testng.internal.Invoker.invokeTestMethods(Invoker.java:1208)
	at org.testng.internal.TestMethodWorker.invokeTestMethods(TestMethodWorker.java:127)
	at org.testng.internal.TestMethodWorker.run(TestMethodWorker.java:111)
	at org.testng.TestRunner.privateRun(TestRunner.java:758)
	at org.testng.TestRunner.run(TestRunner.java:613)
	at org.testng.SuiteRunner.runTest(SuiteRunner.java:334)
	at org.testng.SuiteRunner.runSequentially(SuiteRunner.java:329)
	at org.testng.SuiteRunner.privateRun(SuiteRunner.java:291)
	at org.testng.SuiteRunner.run(SuiteRunner.java:240)
	at org.testng.SuiteRunnerWorker.runSuite(SuiteRunnerWorker.java:53)
	at org.testng.SuiteRunnerWorker.run(SuiteRunnerWorker.java:87)
	at org.testng.TestNG.runSuitesSequentially(TestNG.java:1137)
	at org.testng.TestNG.runSuitesLocally(TestNG.java:1062)
	at org.testng.TestNG.run(TestNG.java:974)
	at org.apache.maven.surefire.testng.TestNGExecutor.run(TestNGExecutor.java:178)
	at org.apache.maven.surefire.testng.TestNGXmlTestSuite.execute(TestNGXmlTestSuite.java:92)
	at org.apache.maven.surefire.testng.TestNGProvider.invoke(TestNGProvider.java:96)
	at java.base/jdk.internal.reflect.NativeMethodAccessorImpl.invoke0(Native Method)
	at java.base/jdk.internal.reflect.NativeMethodAccessorImpl.invoke(NativeMethodAccessorImpl.java:64)
	at java.base/jdk.internal.reflect.DelegatingMethodAccessorImpl.invoke(DelegatingMethodAccessorImpl.java:43)
	at java.base/java.lang.reflect.Method.invoke(Method.java:564)
	at org.apache.maven.surefire.util.ReflectionUtils.invokeMethodWithArray2(ReflectionUtils.java:208)
	at org.apache.maven.surefire.booter.ProviderFactory$ProviderProxy.invoke(ProviderFactory.java:159)
	at org.apache.maven.surefire.booter.ProviderFactory.invokeProvider(ProviderFactory.java:87)
	at org.apache.maven.surefire.booter.ForkedBooter.runSuitesInProcess(ForkedBooter.java:153)
	at org.apache.maven.surefire.booter.ForkedBooter.main(ForkedBooter.java:95)
</pre></div></td>
<td>0</td>
<td>PrimeTest@770d3326</td></tr>
<tr>
<td title='PrimeTest.testCase()'><b>testCase</b><br>Test class: PrimeTest<br>Parameters: 0, false</td>
<td><div><pre>java.lang.AssertionError: expected:&lt;false&gt; but was:&lt;true&gt;
	at PrimeTest.testCase(PrimeTest.java:8)
	at org.apache.maven.surefire.testng.TestNGExecutor.run(TestNGExecutor.java:178)
	at org.apache.maven.surefire.testng.TestNGXmlTestSuite.execute(TestNGXmlTestSuite.java:92)
	at org.apache.maven.surefire.testng.TestNGProvider.invoke(TestNGProvider.java:96)
	at org.apache.maven.surefire.util.ReflectionUtils.invokeMethodWithArray2(ReflectionUtils.java:208)
	at org.apache.maven.surefire.booter.ProviderFactory$ProviderProxy.invoke(ProviderFactory.java:159)
	at org.apache.maven.surefire.booter.ProviderFactory.invokeProvider(ProviderFactory.java:87)
	at org.apache.maven.surefire.booter.ForkedBooter.runSuitesInProcess(ForkedBooter.java:153)
	at org.apache.maven.surefire.booter.ForkedBooter.main(ForkedBooter.java:95)
... Removed 30 stack frames</pre></div><a href='#' onClick='toggleBox("stack-trace424398527", this, "Click to show all stack frames", "Click to hide stack frames")'>Click to show all stack frames</a>
<div class='stack-trace' id='stack-trace424398527'><pre>java.lang.AssertionError: expected:&lt;false&gt; but was:&lt;true&gt;
	at org.testng.Assert.fail(Assert.java:89)
	at org.testng.Assert.failNotEquals(Assert.java:489)
	at org.testng.Assert.assertEquals(Assert.java:118)
	at org.testng.Assert.assertEquals(Assert.java:281)
	at org.testng.Assert.assertEquals(Assert.java:291)
	at PrimeTest.testCase(PrimeTest.java:8)
	at java.base/jdk.internal.reflect.NativeMethodAccessorImpl.invoke0(Native Method)
	at java.base/jdk.internal.reflect.NativeMethodAccessorImpl.invoke(NativeMethodAccessorImpl.java:64)
	at java.base/jdk.internal.reflect.DelegatingMethodAccessorImpl.invoke(DelegatingMethodAccessorImpl.java:43)
	at java.base/java.lang.reflect.Method.invoke(Method.java:564)
	at org.testng.internal.MethodInvocationHelper.invokeMethod(MethodInvocationHelper.java:80)
	at org.testng.internal.Invoker.invokeMethod(Invoker.java:691)
	at org.testng.internal.Invoker.invokeTestMethod(Invoker.java:883)
	at org.testng.internal.Invoker.invokeTestMethods(Invoker.java:1208)
	at org.testng.internal.TestMethodWorker.invokeTestMethods(TestMethodWorker.java:127)
	at org.testng.internal.TestMethodWorker.run(TestMethodWorker.java:111)
	at org.testng.TestRunner.privateRun(TestRunner.java:758)
	at org.testng.TestRunner.run(TestRunner.java:613)
	at org.testng.SuiteRunner.runTest(SuiteRunner.java:334)
	at org.testng.SuiteRunner.runSequentially(SuiteRunner.java:329)
	at org.testng.SuiteRunner.privateRun(SuiteRunner.java:291)
	at org.testng.SuiteRunner.run(SuiteRunner.java:240)
	at org.testng.SuiteRunnerWorker.runSuite(SuiteRunnerWorker.java:53)
	at org.testng.SuiteRunnerWorker.run(SuiteRunnerWorker.java:87)
	at org.testng.TestNG.runSuitesSequentially(TestNG.java:1137)
	at org.testng.TestNG.runSuitesLocally(TestNG.java:1062)
	at org.testng.TestNG.run(TestNG.java:974)
	at org.apache.maven.surefire.testng.TestNGExecutor.run(TestNGExecutor.java:178)
	at org.apache.maven.surefire.testng.TestNGXmlTestSuite.execute(TestNGXmlTestSuite.java:92)
	at org.apache.maven.surefire.testng.TestNGProvider.invoke(TestNGProvider.java:96)
	at java.base/jdk.internal.reflect.NativeMethodAccessorImpl.invoke0(Native Method)
	at java.base/jdk.internal.reflect.NativeMethodAccessorImpl.invoke(NativeMethodAccessorImpl.java:64)
	at java.base/jdk.internal.reflect.DelegatingMethodAccessorImpl.invoke(DelegatingMethodAccessorImpl.java:43)
	at java.base/java.lang.reflect.Method.invoke(Method.java:564)
	at org.apache.maven.surefire.util.ReflectionUtils.invokeMethodWithArray2(ReflectionUtils.java:208)
	at org.apache.maven.surefire.booter.ProviderFactory$ProviderProxy.invoke(ProviderFactory.java:159)
	at org.apache.maven.surefire.booter.ProviderFactory.invokeProvider(ProviderFactory.java:87)
	at org.apache.maven.surefire.booter.ForkedBooter.runSuitesInProcess(ForkedBooter.java:153)
	at org.apache.maven.surefire.booter.ForkedBooter.main(ForkedBooter.java:95)
</pre></div></td>
<td>0</td>
<td>PrimeTest@770d3326</td></tr>
<tr>
<td title='PrimeTest.testCase()'><b>testCase</b><br>Test class: PrimeTest<br>Parameters: -5, false</td>
<td><div><pre>java.lang.AssertionError: expected:&lt;false&gt; but was:&lt;true&gt;
	at PrimeTest.testCase(PrimeTest.java:8)
	at org.apache.maven.surefire.testng.TestNGExecutor.run(TestNGExecutor.java:178)
	at org.apache.maven.surefire.testng.TestNGXmlTestSuite.execute(TestNGXmlTestSuite.java:92)
	at org.apache.maven.surefire.testng.TestNGProvider.invoke(TestNGProvider.java:96)
	at org.apache.maven.surefire.util.ReflectionUtils.invokeMethodWithArray2(ReflectionUtils.java:208)
	at org.apache.maven.surefire.booter.ProviderFactory$ProviderProxy.invoke(ProviderFactory.java:159)
	at org.apache.maven.surefire.booter.ProviderFactory.invokeProvider(ProviderFactory.java:87)
	at org.apache.maven.surefire.booter.ForkedBooter.runSuitesInProcess(ForkedBooter.java:153)
	at org.apache.maven.surefire.booter.ForkedBooter.main(ForkedBooter.java:95)
... Removed 30 stack frames</pre></div><a href='#' onClick='toggleBox("stack-trace390689829", this, "Click to show all stack frames", "Click to hide stack frames")'>Click to show all stack frames</a>
<div class='stack-trace' id='stack-trace390689829'><pre>java.lang.AssertionError: expected:&lt;false&gt; but was:&lt;true&gt;
	at org.testng.Assert.fail(Assert.java:89)
	at org.testng.Assert.failNotEquals(Assert.java:489)
	at org.testng.Assert.assertEquals(Assert.java:118)
	at org.testng.Assert.assertEquals(Assert.java:281)
	at org.testng.Assert.assertEquals(Assert.java:291)
	at PrimeTest.testCase(PrimeTest.java:8)
	at java.base/jdk.internal.reflect.NativeMethodAccessorImpl.invoke0(Native Method)
	at java.base/jdk.internal.reflect.NativeMethodAccessorImpl.invoke(NativeMethodAccessorImpl.java:64)
	at java.base/jdk.internal.reflect.DelegatingMethodAccessorImpl.invoke(DelegatingMethodAccessorImpl.java:43)
	at java.base/java.lang.reflect.Method.invoke(Method.java:564)
	at org.testng.internal.MethodInvocationHelper.invokeMethod(MethodInvocationHelper.java:80)
	at org.testng.internal.Invoker.invokeMethod(Invoker.java:691)
	at org.testng.internal.Invoker.invokeTestMethod(Invoker.java:883)
	at org.testng.internal.Invoker.invokeTestMethods(Invoker.java:1208)
	at org.testng.internal.TestMethodWorker.invokeTestMethods(TestMethodWorker.java:127)
	at org.testng.internal.TestMethodWorker.run(TestMethodWorker.java:111)
	at org.testng.TestRunner.privateRun(TestRunner.java:758)
	at org.testng.TestRunner.run(TestRunner.java:613)
	at org.testng.SuiteRunner.runTest(SuiteRunner.java:334)
	at org.testng.SuiteRunner.runSequentially(SuiteRunner.java:329)
	at org.testng.SuiteRunner.privateRun(SuiteRunner.java:291)
	at org.testng.SuiteRunner.run(SuiteRunner.java:240)
	at org.testng.SuiteRunnerWorker.runSuite(SuiteRunnerWorker.java:53)
	at org.testng.SuiteRunnerWorker.run(SuiteRunnerWorker.java:87)
	at org.testng.TestNG.runSuitesSequentially(TestNG.java:1137)
	at org.testng.TestNG.runSuitesLocally(TestNG.java:1062)
	at org.testng.TestNG.run(TestNG.java:974)
	at org.apache.maven.surefire.testng.TestNGExecutor.run(TestNGExecutor.java:178)
	at org.apache.maven.surefire.testng.TestNGXmlTestSuite.execute(TestNGXmlTestSuite.java:92)
	at org.apache.maven.surefire.testng.TestNGProvider.invoke(TestNGProvider.java:96)
	at java.base/jdk.internal.reflect.NativeMethodAccessorImpl.invoke0(Native Method)
	at java.base/jdk.internal.reflect.NativeMethodAccessorImpl.invoke(NativeMethodAccessorImpl.java:64)
	at java.base/jdk.internal.reflect.DelegatingMethodAccessorImpl.invoke(DelegatingMethodAccessorImpl.java:43)
	at java.base/java.lang.reflect.Method.invoke(Method.java:564)
	at org.apache.maven.surefire.util.ReflectionUtils.invokeMethodWithArray2(ReflectionUtils.java:208)
	at org.apache.maven.surefire.booter.ProviderFactory$ProviderProxy.invoke(ProviderFactory.java:159)
	at org.apache.maven.surefire.booter.ProviderFactory.invokeProvider(ProviderFactory.java:87)
	at org.apache.maven.surefire.booter.ForkedBooter.runSuitesInProcess(ForkedBooter.java:153)
	at org.apache.maven.surefire.booter.ForkedBooter.main(ForkedBooter.java:95)
</pre></div></td>
<td>0</td>
<td>PrimeTest@770d3326</td></tr>
<tr>
<td title='SquareRootTest.testNegative()'><b>testNegative</b><br>Test class: SquareRootTest</td>
<td><div><pre>org.testng.TestException: 
	at org.apache.maven.surefire.testng.TestNGExecutor.run(TestNGExecutor.java:178)
	at org.apache.maven.surefire.testng.TestNGXmlTestSuite.execute(TestNGXmlTestSuite.java:92)
	at org.apache.maven.surefire.testng.TestNGProvider.invoke(TestNGProvider.java:96)
	at org.apache.maven.surefire.util.ReflectionUtils.invokeMethodWithArray2(ReflectionUtils.java:208)
	at org.apache.maven.surefire.booter.ProviderFactory$ProviderProxy.invoke(ProviderFactory.java:159)
	at org.apache.maven.surefire.booter.ProviderFactory.invokeProvider(ProviderFactory.java:87)
	at org.apache.maven.surefire.booter.ForkedBooter.runSuitesInProcess(ForkedBooter.java:153)
	at org.apache.maven.surefire.booter.ForkedBooter.main(ForkedBooter.java:95)
	... 25 more
	at app//Calculator.squareRoot(Calculator.java:33)
	at app//SquareRootTest.testNegative(SquareRootTest.java:21)
	at java.base@15.0.1/java.util.concurrent.Executors$RunnableAdapter.call(Executors.java:515)
	at java.base@15.0.1/java.util.concurrent.FutureTask.run(FutureTask.java:264)
	at java.base@15.0.1/java.util.concurrent.ThreadPoolExecutor.runWorker(ThreadPoolExecutor.java:1130)
	at java.base@15.0.1/java.util.concurrent.ThreadPoolExecutor$Worker.run(ThreadPoolExecutor.java:630)
	at java.base@15.0.1/java.lang.Thread.run(Thread.java:832)
... Removed 35 stack frames</pre></div><a href='#' onClick='toggleBox("stack-trace1846501247", this, "Click to show all stack frames", "Click to hide stack frames")'>Click to show all stack frames</a>
<div class='stack-trace' id='stack-trace1846501247'><pre>org.testng.TestException: 
Expected exception java.lang.ArithmeticException but got org.testng.TestException: 
Expected exception java.lang.ArithmeticException but got org.testng.internal.thread.ThreadTimeoutException: Method org.testng.internal.TestNGMethod.testNegative() didn't finish within the time-out 1000
	at org.testng.internal.Invoker.handleInvocationResults(Invoker.java:1459)
	at org.testng.internal.Invoker.invokeTestMethods(Invoker.java:1222)
	at org.testng.internal.TestMethodWorker.invokeTestMethods(TestMethodWorker.java:127)
	at org.testng.internal.TestMethodWorker.run(TestMethodWorker.java:111)
	at org.testng.TestRunner.privateRun(TestRunner.java:758)
	at org.testng.TestRunner.run(TestRunner.java:613)
	at org.testng.SuiteRunner.runTest(SuiteRunner.java:334)
	at org.testng.SuiteRunner.runSequentially(SuiteRunner.java:329)
	at org.testng.SuiteRunner.privateRun(SuiteRunner.java:291)
	at org.testng.SuiteRunner.run(SuiteRunner.java:240)
	at org.testng.SuiteRunnerWorker.runSuite(SuiteRunnerWorker.java:53)
	at org.testng.SuiteRunnerWorker.run(SuiteRunnerWorker.java:87)
	at org.testng.TestNG.runSuitesSequentially(TestNG.java:1137)
	at org.testng.TestNG.runSuitesLocally(TestNG.java:1062)
	at org.testng.TestNG.run(TestNG.java:974)
	at org.apache.maven.surefire.testng.TestNGExecutor.run(TestNGExecutor.java:178)
	at org.apache.maven.surefire.testng.TestNGXmlTestSuite.execute(TestNGXmlTestSuite.java:92)
	at org.apache.maven.surefire.testng.TestNGProvider.invoke(TestNGProvider.java:96)
	at java.base/jdk.internal.reflect.NativeMethodAccessorImpl.invoke0(Native Method)
	at java.base/jdk.internal.reflect.NativeMethodAccessorImpl.invoke(NativeMethodAccessorImpl.java:64)
	at java.base/jdk.internal.reflect.DelegatingMethodAccessorImpl.invoke(DelegatingMethodAccessorImpl.java:43)
	at java.base/java.lang.reflect.Method.invoke(Method.java:564)
	at org.apache.maven.surefire.util.ReflectionUtils.invokeMethodWithArray2(ReflectionUtils.java:208)
	at org.apache.maven.surefire.booter.ProviderFactory$ProviderProxy.invoke(ProviderFactory.java:159)
	at org.apache.maven.surefire.booter.ProviderFactory.invokeProvider(ProviderFactory.java:87)
	at org.apache.maven.surefire.booter.ForkedBooter.runSuitesInProcess(ForkedBooter.java:153)
	at org.apache.maven.surefire.booter.ForkedBooter.main(ForkedBooter.java:95)
Caused by: org.testng.TestException: 
Expected exception java.lang.ArithmeticException but got org.testng.internal.thread.ThreadTimeoutException: Method org.testng.internal.TestNGMethod.testNegative() didn't finish within the time-out 1000
	at org.testng.internal.Invoker.handleInvocationResults(Invoker.java:1459)
	at org.testng.internal.Invoker.invokeMethod(Invoker.java:740)
	at org.testng.internal.Invoker.invokeTestMethod(Invoker.java:883)
	at org.testng.internal.Invoker.invokeTestMethods(Invoker.java:1208)
	... 25 more
Caused by: org.testng.internal.thread.ThreadTimeoutException: Method org.testng.internal.TestNGMethod.testNegative() didn't finish within the time-out 1000
	at app//Calculator.squareRoot(Calculator.java:33)
	at app//SquareRootTest.testNegative(SquareRootTest.java:21)
	at java.base@15.0.1/jdk.internal.reflect.NativeMethodAccessorImpl.invoke0(Native Method)
	at java.base@15.0.1/jdk.internal.reflect.NativeMethodAccessorImpl.invoke(NativeMethodAccessorImpl.java:64)
	at java.base@15.0.1/jdk.internal.reflect.DelegatingMethodAccessorImpl.invoke(DelegatingMethodAccessorImpl.java:43)
	at java.base@15.0.1/java.lang.reflect.Method.invoke(Method.java:564)
	at app//org.testng.internal.MethodInvocationHelper.invokeMethod(MethodInvocationHelper.java:80)
	at app//org.testng.internal.InvokeMethodRunnable.runOne(InvokeMethodRunnable.java:46)
	at app//org.testng.internal.InvokeMethodRunnable.run(InvokeMethodRunnable.java:37)
	at java.base@15.0.1/java.util.concurrent.Executors$RunnableAdapter.call(Executors.java:515)
	at java.base@15.0.1/java.util.concurrent.FutureTask.run(FutureTask.java:264)
	at java.base@15.0.1/java.util.concurrent.ThreadPoolExecutor.runWorker(ThreadPoolExecutor.java:1130)
	at java.base@15.0.1/java.util.concurrent.ThreadPoolExecutor$Worker.run(ThreadPoolExecutor.java:630)
	at java.base@15.0.1/java.lang.Thread.run(Thread.java:832)
</pre></div></td>
<td>1</td>
<td>SquareRootTest@3972a855</td></tr>
</table><p>
<table width='100%' border='1' class='invocation-passed'>
<tr><td colspan='4' align='center'><b>PASSED TESTS</b></td></tr>
<tr><td><b>Test method</b></td>
<td width="30%"><b>Exception</b></td>
<td width="10%"><b>Time (seconds)</b></td>
<td><b>Instance</b></td>
</tr>
<tr>
<td title='AdditionTest.testCase()'><b>testCase</b><br>Test class: AdditionTest<br>Parameters: 5, 7, 12</td>
<td></td>
<td>0</td>
<td>AdditionTest@2abf4075</td></tr>
<tr>
<td title='AdditionTest.testCase()'><b>testCase</b><br>Test class: AdditionTest<br>Parameters: 2.4, 5.3, 7.7</td>
<td></td>
<td>0</td>
<td>AdditionTest@2abf4075</td></tr>
<tr>
<td title='AdditionTest.testCase()'><b>testCase</b><br>Test class: AdditionTest<br>Parameters: 5, -2, 3</td>
<td></td>
<td>0</td>
<td>AdditionTest@2abf4075</td></tr>
<tr>
<td title='AdditionTest.testCase()'><b>testCase</b><br>Test class: AdditionTest<br>Parameters: -5.4, 2.6, -2.8</td>
<td></td>
<td>0</td>
<td>AdditionTest@2abf4075</td></tr>
<tr>
<td title='AdditionTest.testCase()'><b>testCase</b><br>Test class: AdditionTest<br>Parameters: -5.8, 0, -5.8</td>
<td></td>
<td>0</td>
<td>AdditionTest@2abf4075</td></tr>
<tr>
<td title='SubtractTest.testCase()'><b>testCase</b><br>Test class: SubtractTest<br>Parameters: 5, 7, -2</td>
<td></td>
<td>0</td>
<td>SubtractTest@62e7f11d</td></tr>
<tr>
<td title='SubtractTest.testCase()'><b>testCase</b><br>Test class: SubtractTest<br>Parameters: 2.4, 5.3, -2.9</td>
<td></td>
<td>0</td>
<td>SubtractTest@62e7f11d</td></tr>
<tr>
<td title='SubtractTest.testCase()'><b>testCase</b><br>Test class: SubtractTest<br>Parameters: 5, -2, 7</td>
<td></td>
<td>0</td>
<td>SubtractTest@62e7f11d</td></tr>
<tr>
<td title='SubtractTest.testCase()'><b>testCase</b><br>Test class: SubtractTest<br>Parameters: -5.4, 2.6, -8</td>
<td></td>
<td>0</td>
<td>SubtractTest@62e7f11d</td></tr>
<tr>
<td title='SubtractTest.testCase()'><b>testCase</b><br>Test class: SubtractTest<br>Parameters: -5.8, 0, -5.8</td>
<td></td>
<td>0</td>
<td>SubtractTest@62e7f11d</td></tr>
<tr>
<td title='MultiplicationTest.testCase()'><b>testCase</b><br>Test class: MultiplicationTest<br>Parameters: 5, 7, 35</td>
<td></td>
<td>0</td>
<td>MultiplicationTest@6a370f4</td></tr>
<tr>
<td title='MultiplicationTest.testCase()'><b>testCase</b><br>Test class: MultiplicationTest<br>Parameters: 2.4, 5.3, 12.72</td>
<td></td>
<td>0</td>
<td>MultiplicationTest@6a370f4</td></tr>
<tr>
<td title='MultiplicationTest.testCase()'><b>testCase</b><br>Test class: MultiplicationTest<br>Parameters: 5, -2, -10</td>
<td></td>
<td>0</td>
<td>MultiplicationTest@6a370f4</td></tr>
<tr>
<td title='MultiplicationTest.testCase()'><b>testCase</b><br>Test class: MultiplicationTest<br>Parameters: -5.4, 2.6, -14.04</td>
<td></td>
<td>0</td>
<td>MultiplicationTest@6a370f4</td></tr>
<tr>
<td title='MultiplicationTest.testCase()'><b>testCase</b><br>Test class: MultiplicationTest<br>Parameters: -5.8, 0, 0</td>
<td></td>
<td>0</td>
<td>MultiplicationTest@6a370f4</td></tr>
<tr>
<td title='DivisionTest.testCase()'><b>testCase</b><br>Test class: DivisionTest<br>Parameters: 5, 7, 0.714</td>
<td></td>
<td>0</td>
<td>DivisionTest@503d687a</td></tr>
<tr>
<td title='DivisionTest.testCase()'><b>testCase</b><br>Test class: DivisionTest<br>Parameters: 2.4, 5.3, 0.452</td>
<td></td>
<td>0</td>
<td>DivisionTest@503d687a</td></tr>
<tr>
<td title='DivisionTest.testCase()'><b>testCase</b><br>Test class: DivisionTest<br>Parameters: 5, -2, -2.5</td>
<td></td>
<td>0</td>
<td>DivisionTest@503d687a</td></tr>
<tr>
<td title='DivisionTest.testCase()'><b>testCase</b><br>Test class: DivisionTest<br>Parameters: -5.4, 2.6, -2.076</td>
<td></td>
<td>0</td>
<td>DivisionTest@503d687a</td></tr>
<tr>
<td title='SquareTest.testCase()'><b>testCase</b><br>Test class: SquareTest<br>Parameters: 5, 25</td>
<td></td>
<td>0</td>
<td>SquareTest@6a6afff2</td></tr>
<tr>
<td title='SquareTest.testCase()'><b>testCase</b><br>Test class: SquareTest<br>Parameters: 2.4, 5.76</td>
<td></td>
<td>0</td>
<td>SquareTest@6a6afff2</td></tr>
<tr>
<td title='SquareTest.testCase()'><b>testCase</b><br>Test class: SquareTest<br>Parameters: -5, 25</td>
<td></td>
<td>0</td>
<td>SquareTest@6a6afff2</td></tr>
<tr>
<td title='SquareTest.testCase()'><b>testCase</b><br>Test class: SquareTest<br>Parameters: -5.4, 29.16</td>
<td></td>
<td>0</td>
<td>SquareTest@6a6afff2</td></tr>
<tr>
<td title='SquareTest.testCase()'><b>testCase</b><br>Test class: SquareTest<br>Parameters: 0, 0</td>
<td></td>
<td>0</td>
<td>SquareTest@6a6afff2</td></tr>
<tr>
<td title='SquareRootTest.testCase()'><b>testCase</b><br>Test class: SquareRootTest<br>Parameters: 25, 5</td>
<td></td>
<td>0</td>
<td>SquareRootTest@3972a855</td></tr>
<tr>
<td title='SquareRootTest.testCase()'><b>testCase</b><br>Test class: SquareRootTest<br>Parameters: 2.4, 1.549</td>
<td></td>
<td>0</td>
<td>SquareRootTest@3972a855</td></tr>
<tr>
<td title='PrimeTest.testCase()'><b>testCase</b><br>Test class: PrimeTest<br>Parameters: 5, true</td>
<td></td>
<td>0</td>
<td>PrimeTest@770d3326</td></tr>
<tr>
<td title='PrimeTest.testCase()'><b>testCase</b><br>Test class: PrimeTest<br>Parameters: 2, true</td>
<td></td>
<td>0</td>
<td>PrimeTest@770d3326</td></tr>
<tr>
<td title='PrimeTest.testCase()'><b>testCase</b><br>Test class: PrimeTest<br>Parameters: 12, false</td>
<td></td>
<td>0</td>
<td>PrimeTest@770d3326</td></tr>
<tr>
<td title='DivisionTest.testException()'><b>testException</b><br>Test class: DivisionTest</td>
<td><div><pre>java.lang.ArithmeticException: / by zero
	at DivisionTest.testException(DivisionTest.java:28)
	at org.apache.maven.surefire.testng.TestNGExecutor.run(TestNGExecutor.java:178)
	at org.apache.maven.surefire.testng.TestNGXmlTestSuite.execute(TestNGXmlTestSuite.java:92)
	at org.apache.maven.surefire.testng.TestNGProvider.invoke(TestNGProvider.java:96)
	at org.apache.maven.surefire.util.ReflectionUtils.invokeMethodWithArray2(ReflectionUtils.java:208)
	at org.apache.maven.surefire.booter.ProviderFactory$ProviderProxy.invoke(ProviderFactory.java:159)
	at org.apache.maven.surefire.booter.ProviderFactory.invokeProvider(ProviderFactory.java:87)
	at org.apache.maven.surefire.booter.ForkedBooter.runSuitesInProcess(ForkedBooter.java:153)
	at org.apache.maven.surefire.booter.ForkedBooter.main(ForkedBooter.java:95)
... Removed 25 stack frames</pre></div><a href='#' onClick='toggleBox("stack-trace730923082", this, "Click to show all stack frames", "Click to hide stack frames")'>Click to show all stack frames</a>
<div class='stack-trace' id='stack-trace730923082'><pre>java.lang.ArithmeticException: / by zero
	at DivisionTest.testException(DivisionTest.java:28)
	at java.base/jdk.internal.reflect.NativeMethodAccessorImpl.invoke0(Native Method)
	at java.base/jdk.internal.reflect.NativeMethodAccessorImpl.invoke(NativeMethodAccessorImpl.java:64)
	at java.base/jdk.internal.reflect.DelegatingMethodAccessorImpl.invoke(DelegatingMethodAccessorImpl.java:43)
	at java.base/java.lang.reflect.Method.invoke(Method.java:564)
	at org.testng.internal.MethodInvocationHelper.invokeMethod(MethodInvocationHelper.java:80)
	at org.testng.internal.Invoker.invokeMethod(Invoker.java:691)
	at org.testng.internal.Invoker.invokeTestMethod(Invoker.java:883)
	at org.testng.internal.Invoker.invokeTestMethods(Invoker.java:1208)
	at org.testng.internal.TestMethodWorker.invokeTestMethods(TestMethodWorker.java:127)
	at org.testng.internal.TestMethodWorker.run(TestMethodWorker.java:111)
	at org.testng.TestRunner.privateRun(TestRunner.java:758)
	at org.testng.TestRunner.run(TestRunner.java:613)
	at org.testng.SuiteRunner.runTest(SuiteRunner.java:334)
	at org.testng.SuiteRunner.runSequentially(SuiteRunner.java:329)
	at org.testng.SuiteRunner.privateRun(SuiteRunner.java:291)
	at org.testng.SuiteRunner.run(SuiteRunner.java:240)
	at org.testng.SuiteRunnerWorker.runSuite(SuiteRunnerWorker.java:53)
	at org.testng.SuiteRunnerWorker.run(SuiteRunnerWorker.java:87)
	at org.testng.TestNG.runSuitesSequentially(TestNG.java:1137)
	at org.testng.TestNG.runSuitesLocally(TestNG.java:1062)
	at org.testng.TestNG.run(TestNG.java:974)
	at org.apache.maven.surefire.testng.TestNGExecutor.run(TestNGExecutor.java:178)
	at org.apache.maven.surefire.testng.TestNGXmlTestSuite.execute(TestNGXmlTestSuite.java:92)
	at org.apache.maven.surefire.testng.TestNGProvider.invoke(TestNGProvider.java:96)
	at java.base/jdk.internal.reflect.NativeMethodAccessorImpl.invoke0(Native Method)
	at java.base/jdk.internal.reflect.NativeMethodAccessorImpl.invoke(NativeMethodAccessorImpl.java:64)
	at java.base/jdk.internal.reflect.DelegatingMethodAccessorImpl.invoke(DelegatingMethodAccessorImpl.java:43)
	at java.base/java.lang.reflect.Method.invoke(Method.java:564)
	at org.apache.maven.surefire.util.ReflectionUtils.invokeMethodWithArray2(ReflectionUtils.java:208)
	at org.apache.maven.surefire.booter.ProviderFactory$ProviderProxy.invoke(ProviderFactory.java:159)
	at org.apache.maven.surefire.booter.ProviderFactory.invokeProvider(ProviderFactory.java:87)
	at org.apache.maven.surefire.booter.ForkedBooter.runSuitesInProcess(ForkedBooter.java:153)
	at org.apache.maven.surefire.booter.ForkedBooter.main(ForkedBooter.java:95)
</pre></div></td>
<td>0</td>
<td>DivisionTest@503d687a</td></tr>
</table><p>
</body>
</html>