-------------------------------------------------------------------------------
Test set: TestSuite
-------------------------------------------------------------------------------
Tests run: 35, Failures: 5, Errors: 0, Skipped: 0, Time elapsed: 2.86 sec <<< FAILURE!
testCase(SquareRootTest)  Time elapsed: 1.006 sec  <<< FAILURE!
org.testng.internal.thread.ThreadTimeoutException: Method org.testng.internal.TestNGMethod.testCase() didn't finish within the time-out 1000
	at app//Calculator.squareRoot(Calculator.java:33)
	at app//SquareRootTest.testCase(SquareRootTest.java:8)

testNegative(SquareRootTest)  Time elapsed: 1.001 sec  <<< FAILURE!
org.testng.TestException: 
Expected exception java.lang.ArithmeticException but got org.testng.internal.thread.ThreadTimeoutException: Method org.testng.internal.TestNGMethod.testNegative() didn't finish within the time-out 1000
	at app//Calculator.squareRoot(Calculator.java:33)
	at app//SquareRootTest.testNegative(SquareRootTest.java:21)

testCase(PrimeTest)  Time elapsed: 0 sec  <<< FAILURE!
java.lang.AssertionError: expected:<false> but was:<true>
	at org.testng.Assert.fail(Assert.java:89)
	at org.testng.Assert.failNotEquals(Assert.java:489)
	at org.testng.Assert.assertEquals(Assert.java:118)
	at org.testng.Assert.assertEquals(Assert.java:281)
	at org.testng.Assert.assertEquals(Assert.java:291)
	at PrimeTest.testCase(PrimeTest.java:8)

testCase(PrimeTest)  Time elapsed: 0 sec  <<< FAILURE!
java.lang.AssertionError: expected:<false> but was:<true>
	at org.testng.Assert.fail(Assert.java:89)
	at org.testng.Assert.failNotEquals(Assert.java:489)
	at org.testng.Assert.assertEquals(Assert.java:118)
	at org.testng.Assert.assertEquals(Assert.java:281)
	at org.testng.Assert.assertEquals(Assert.java:291)
	at PrimeTest.testCase(PrimeTest.java:8)

testCase(PrimeTest)  Time elapsed: 0 sec  <<< FAILURE!
java.lang.AssertionError: expected:<false> but was:<true>
	at org.testng.Assert.fail(Assert.java:89)
	at org.testng.Assert.failNotEquals(Assert.java:489)
	at org.testng.Assert.assertEquals(Assert.java:118)
	at org.testng.Assert.assertEquals(Assert.java:281)
	at org.testng.Assert.assertEquals(Assert.java:291)
	at PrimeTest.testCase(PrimeTest.java:8)

